<?xml version="1.0" encoding="UTF-8" ?>
<testsuite failures="0" time="0.296" errors="0" skipped="0" tests="14" name="org.xeustechnologies.jcl.LoadTest">
  <properties>
[...]
</properties>
  <testcase time="0.018" classname="org.xeustechnologies.jcl.LoadTest" name="testWithResourceName"/>
  <testcase time="0.003" classname="org.xeustechnologies.jcl.LoadTest" name="testPackagedResource"/>
  <testcase time="0.004" classname="org.xeustechnologies.jcl.LoadTest" name="testWithClassFolder"/>
  <testcase time="0.009" classname="org.xeustechnologies.jcl.LoadTest" name="testWithUrl"/>
  <testcase time="0.003" classname="org.xeustechnologies.jcl.LoadTest" name="testWithInputStream"/>
  <testcase time="0.004" classname="org.xeustechnologies.jcl.LoadTest" name="testAddingClassSources"/>
  <testcase time="0.007" classname="org.xeustechnologies.jcl.LoadTest" name="testChangeClassLoadingOrder"/>
  <testcase time="0.025" classname="org.xeustechnologies.jcl.LoadTest" name="testInterfaceCast"/>
  <testcase time="0.095" classname="org.xeustechnologies.jcl.LoadTest" name="testAutoProxy"/>
  <testcase time="0.003" classname="org.xeustechnologies.jcl.LoadTest" name="testUnloading"/>
  <testcase time="0.002" classname="org.xeustechnologies.jcl.LoadTest" name="testEnabledFlag"/>
  <testcase time="0.003" classname="org.xeustechnologies.jcl.LoadTest" name="testOsgiBootLoading"/>
  <testcase time="0.082" classname="org.xeustechnologies.jcl.LoadTest" name="testXmlContextLoader"/>
  <testcase time="0.003" classname="org.xeustechnologies.jcl.LoadTest" name="testDefaultContextLoader"/>
</testsuite>